<?xml version="1.0" encoding="UTF-8"?>
<!-- Generated by org.testng.reporters.JUnitReportReporter -->
<testsuite hostname="DESKTOP-EVJIGO7" failures="0" tests="2" name="testng.ng" time="0.039" errors="0" timestamp="2023-08-30T15:53:39 IST" skipped="0">
  <testcase classname="testng.ng" name="m1" time="0.031"/>
  <system-out>
    <![CDATA[hello]]>
  </system-out>
  <testcase classname="testng.ng" name="m2" time="0.008"/>
  <system-out>
    <![CDATA[hi
hello2]]>
  </system-out>
</testsuite> <!-- testng.ng -->
