<?xml version="1.0" encoding="UTF-8"?>
<!-- Generated by org.testng.reporters.JUnitReportReporter -->
<testsuite hostname="DESKTOP-EVJIGO7" failures="0" tests="3" name="testng.Sample1" time="0.044" errors="0" timestamp="2023-09-05T16:44:28 IST" skipped="0">
  <testcase classname="testng.Sample1" name="t2" time="0.007"/>
  <system-out>
    <![CDATA[hello]]>
  </system-out>
  <testcase classname="testng.Sample1" name="t1" time="0.017"/>
  <system-out>
    <![CDATA[hi]]>
  </system-out>
  <testcase classname="testng.Sample1" name="t3" time="0.020"/>
  <system-out>
    <![CDATA[ravali]]>
  </system-out>
</testsuite> <!-- testng.Sample1 -->
