<?xml version="1.0" encoding="UTF-8"?>
<!-- Generated by org.testng.reporters.JUnitReportReporter -->
<testsuite hostname="DESKTOP-EVJIGO7" failures="0" tests="3" name="testng.Sample2" time="0.055" errors="0" timestamp="2023-09-05T16:44:28 IST" skipped="0">
  <testcase classname="testng.Sample2" name="p2" time="0.020"/>
  <system-out>
    <![CDATA[ravali is smart girl]]>
  </system-out>
  <testcase classname="testng.Sample2" name="p3" time="0.013"/>
  <system-out>
    <![CDATA[ravali is nice girl]]>
  </system-out>
  <testcase classname="testng.Sample2" name="p1" time="0.022"/>
  <system-out>
    <![CDATA[ravali is good girl]]>
  </system-out>
</testsuite> <!-- testng.Sample2 -->
