<?xml version="1.0" encoding="UTF-8"?>
<!-- Generated by org.testng.reporters.JUnitReportReporter -->
<testsuite hostname="DESKTOP-EVJIGO7" failures="0" tests="3" name="testng.Sample3" time="0.053" errors="0" timestamp="2023-09-05T16:44:28 IST" skipped="0">
  <testcase classname="testng.Sample3" name="g1" time="0.026"/>
  <system-out>
    <![CDATA[ravali1]]>
  </system-out>
  <testcase classname="testng.Sample3" name="g3" time="0.018"/>
  <system-out>
    <![CDATA[ravali is good girl]]>
  </system-out>
  <testcase classname="testng.Sample3" name="g2" time="0.009"/>
  <system-out>
    <![CDATA[ravali nice]]>
  </system-out>
</testsuite> <!-- testng.Sample3 -->
